# JRE version: Java(TM) SE Runtime Environment 18.9 (11.0.13+10) (build 11.0.13+10-LTS-370)
# Java VM: Java HotSpot(TM) 64-Bit Server VM 18.9 (11.0.13+10-LTS-370, mixed mode, tiered, compressed oops, g1 gc, bsd-amd64)
Heap:
 garbage-first heap   total 131072K, used 70820K [0x0000000780000000, 0x0000000800000000)
  region size 1024K, 57 young (58368K), 3 survivors (3072K)
 Metaspace       used 34204K, capacity 35719K, committed 35840K, reserved 1079296K
  class space    used 4359K, capacity 5031K, committed 5120K, reserved 1048576K
GC Heap History (10 events):
Event: 11.371 GC heap before
{Heap before GC invocations=8 (full 0):
 garbage-first heap   total 131072K, used 91218K [0x0000000780000000, 0x0000000800000000)
  region size 1024K, 76 young (77824K), 3 survivors (3072K)
 Metaspace       used 33430K, capacity 34912K, committed 34944K, reserved 1079296K
  class space    used 4340K, capacity 4980K, committed 4992K, reserved 1048576K
}
Event: 11.376 GC heap after
{Heap after GC invocations=9 (full 0):
 garbage-first heap   total 131072K, used 16448K [0x0000000780000000, 0x0000000800000000)
  region size 1024K, 3 young (3072K), 3 survivors (3072K)
 Metaspace       used 33430K, capacity 34912K, committed 34944K, reserved 1079296K
  class space    used 4340K, capacity 4980K, committed 4992K, reserved 1048576K
}
Event: 16.062 GC heap before
{Heap before GC invocations=9 (full 0):
 garbage-first heap   total 131072K, used 91200K [0x0000000780000000, 0x0000000800000000)
  region size 1024K, 76 young (77824K), 3 survivors (3072K)
 Metaspace       used 33747K, capacity 35259K, committed 35584K, reserved 1079296K
  class space    used 4359K, capacity 5031K, committed 5120K, reserved 1048576K
}
Event: 16.070 GC heap after
{Heap after GC invocations=10 (full 0):
 garbage-first heap   total 131072K, used 16777K [0x0000000780000000, 0x0000000800000000)
  region size 1024K, 3 young (3072K), 3 survivors (3072K)
 Metaspace       used 33747K, capacity 35259K, committed 35584K, reserved 1079296K
  class space    used 4359K, capacity 5031K, committed 5120K, reserved 1048576K
}
Event: 17.028 GC heap before
{Heap before GC invocations=10 (full 0):
 garbage-first heap   total 131072K, used 91529K [0x0000000780000000, 0x0000000800000000)
  region size 1024K, 76 young (77824K), 3 survivors (3072K)
 Metaspace       used 33830K, capacity 35324K, committed 35584K, reserved 1079296K
  class space    used 4359K, capacity 5031K, committed 5120K, reserved 1048576K
}
Event: 17.036 GC heap after
{Heap after GC invocations=11 (full 0):
 garbage-first heap   total 131072K, used 16756K [0x0000000780000000, 0x0000000800000000)
  region size 1024K, 3 young (3072K), 3 survivors (3072K)
 Metaspace       used 33830K, capacity 35324K, committed 35584K, reserved 1079296K
  class space    used 4359K, capacity 5031K, committed 5120K, reserved 1048576K
}
Event: 20.267 GC heap before
{Heap before GC invocations=11 (full 0):
 garbage-first heap   total 131072K, used 91508K [0x0000000780000000, 0x0000000800000000)
  region size 1024K, 76 young (77824K), 3 survivors (3072K)
 Metaspace       used 33929K, capacity 35453K, committed 35584K, reserved 1079296K
  class space    used 4359K, capacity 5031K, committed 5120K, reserved 1048576K
}
Event: 20.271 GC heap after
{Heap after GC invocations=12 (full 0):
 garbage-first heap   total 131072K, used 16665K [0x0000000780000000, 0x0000000800000000)
  region size 1024K, 3 young (3072K), 3 survivors (3072K)
 Metaspace       used 33929K, capacity 35453K, committed 35584K, reserved 1079296K
  class space    used 4359K, capacity 5031K, committed 5120K, reserved 1048576K
}
Event: 25.940 GC heap before
{Heap before GC invocations=12 (full 0):
 garbage-first heap   total 131072K, used 91417K [0x0000000780000000, 0x0000000800000000)
  region size 1024K, 76 young (77824K), 3 survivors (3072K)
 Metaspace       used 34136K, capacity 35646K, committed 35840K, reserved 1079296K
  class space    used 4359K, capacity 5031K, committed 5120K, reserved 1048576K
}
Event: 25.946 GC heap after
{Heap after GC invocations=13 (full 0):
 garbage-first heap   total 131072K, used 16548K [0x0000000780000000, 0x0000000800000000)
  region size 1024K, 3 young (3072K), 3 survivors (3072K)
 Metaspace       used 34136K, capacity 35646K, committed 35840K, reserved 1079296K
  class space    used 4359K, capacity 5031K, committed 5120K, reserved 1048576K
}

