# JRE version: OpenJDK Runtime Environment Temurin-11.0.13+8 (11.0.13+8) (build 11.0.13+8)
# Java VM: OpenJDK 64-Bit Server VM Temurin-11.0.13+8 (11.0.13+8, mixed mode, tiered, compressed oops, g1 gc, bsd-amd64)
Heap:
 garbage-first heap   total 262144K, used 28482K [0x0000000700000000, 0x0000000800000000)
  region size 1024K, 22 young (22528K), 6 survivors (6144K)
 Metaspace       used 32273K, capacity 33605K, committed 33840K, reserved 1079296K
  class space    used 4061K, capacity 4625K, committed 4736K, reserved 1048576K
GC Heap History (6 events):
Event: 0.998 GC heap before
{Heap before GC invocations=0 (full 0):
 garbage-first heap   total 262144K, used 23552K [0x0000000700000000, 0x0000000800000000)
  region size 1024K, 24 young (24576K), 0 survivors (0K)
 Metaspace       used 14223K, capacity 14556K, committed 14848K, reserved 1062912K
  class space    used 1359K, capacity 1514K, committed 1536K, reserved 1048576K
}
Event: 1.009 GC heap after
{Heap after GC invocations=1 (full 0):
 garbage-first heap   total 262144K, used 5054K [0x0000000700000000, 0x0000000800000000)
  region size 1024K, 3 young (3072K), 3 survivors (3072K)
 Metaspace       used 14223K, capacity 14556K, committed 14848K, reserved 1062912K
  class space    used 1359K, capacity 1514K, committed 1536K, reserved 1048576K
}
Event: 1.522 GC heap before
{Heap before GC invocations=1 (full 0):
 garbage-first heap   total 262144K, used 24510K [0x0000000700000000, 0x0000000800000000)
  region size 1024K, 23 young (23552K), 3 survivors (3072K)
 Metaspace       used 20437K, capacity 21013K, committed 21296K, reserved 1069056K
  class space    used 2175K, capacity 2402K, committed 2432K, reserved 1048576K
}
Event: 1.534 GC heap after
{Heap after GC invocations=2 (full 0):
 garbage-first heap   total 262144K, used 6571K [0x0000000700000000, 0x0000000800000000)
  region size 1024K, 5 young (5120K), 5 survivors (5120K)
 Metaspace       used 20437K, capacity 21013K, committed 21296K, reserved 1069056K
  class space    used 2175K, capacity 2402K, committed 2432K, reserved 1048576K
}
Event: 2.815 GC heap before
{Heap before GC invocations=3 (full 0):
 garbage-first heap   total 262144K, used 44459K [0x0000000700000000, 0x0000000800000000)
  region size 1024K, 42 young (43008K), 5 survivors (5120K)
 Metaspace       used 29532K, capacity 30751K, committed 30896K, reserved 1075200K
  class space    used 3798K, capacity 4298K, committed 4352K, reserved 1048576K
}
Event: 2.842 GC heap after
{Heap after GC invocations=4 (full 0):
 garbage-first heap   total 262144K, used 11074K [0x0000000700000000, 0x0000000800000000)
  region size 1024K, 6 young (6144K), 6 survivors (6144K)
 Metaspace       used 29532K, capacity 30751K, committed 30896K, reserved 1075200K
  class space    used 3798K, capacity 4298K, committed 4352K, reserved 1048576K
}

