# JRE version: Java(TM) SE Runtime Environment 18.9 (11.0.13+10) (build 11.0.13+10-LTS-370)
# Java VM: Java HotSpot(TM) 64-Bit Server VM 18.9 (11.0.13+10-LTS-370, mixed mode, tiered, compressed oops, g1 gc, bsd-amd64)
Heap:
 garbage-first heap   total 131072K, used 32721K [0x0000000780000000, 0x0000000800000000)
  region size 1024K, 24 young (24576K), 5 survivors (5120K)
 Metaspace       used 31956K, capacity 33482K, committed 33664K, reserved 1077248K
  class space    used 4215K, capacity 4874K, committed 4992K, reserved 1048576K
GC Heap History (8 events):
Event: 0.931 GC heap before
{Heap before GC invocations=0 (full 0):
 garbage-first heap   total 131072K, used 13312K [0x0000000780000000, 0x0000000800000000)
  region size 1024K, 14 young (14336K), 0 survivors (0K)
 Metaspace       used 9263K, capacity 9502K, committed 9728K, reserved 1058816K
  class space    used 903K, capacity 997K, committed 1024K, reserved 1048576K
}
Event: 0.946 GC heap after
{Heap after GC invocations=1 (full 0):
 garbage-first heap   total 131072K, used 4167K [0x0000000780000000, 0x0000000800000000)
  region size 1024K, 2 young (2048K), 2 survivors (2048K)
 Metaspace       used 9263K, capacity 9502K, committed 9728K, reserved 1058816K
  class space    used 903K, capacity 997K, committed 1024K, reserved 1048576K
}
Event: 1.586 GC heap before
{Heap before GC invocations=1 (full 0):
 garbage-first heap   total 131072K, used 16455K [0x0000000780000000, 0x0000000800000000)
  region size 1024K, 14 young (14336K), 2 survivors (2048K)
 Metaspace       used 14298K, capacity 14598K, committed 14976K, reserved 1062912K
  class space    used 1406K, capacity 1546K, committed 1664K, reserved 1048576K
}
Event: 1.590 GC heap after
{Heap after GC invocations=2 (full 0):
 garbage-first heap   total 131072K, used 5570K [0x0000000780000000, 0x0000000800000000)
  region size 1024K, 2 young (2048K), 2 survivors (2048K)
 Metaspace       used 14298K, capacity 14598K, committed 14976K, reserved 1062912K
  class space    used 1406K, capacity 1546K, committed 1664K, reserved 1048576K
}
Event: 2.073 GC heap before
{Heap before GC invocations=2 (full 0):
 garbage-first heap   total 131072K, used 25026K [0x0000000780000000, 0x0000000800000000)
  region size 1024K, 22 young (22528K), 2 survivors (2048K)
 Metaspace       used 20571K, capacity 21077K, committed 21248K, reserved 1069056K
  class space    used 2272K, capacity 2511K, committed 2560K, reserved 1048576K
}
Event: 2.086 GC heap after
{Heap after GC invocations=3 (full 0):
 garbage-first heap   total 131072K, used 6997K [0x0000000780000000, 0x0000000800000000)
  region size 1024K, 3 young (3072K), 3 survivors (3072K)
 Metaspace       used 20571K, capacity 21077K, committed 21248K, reserved 1069056K
  class space    used 2272K, capacity 2511K, committed 2560K, reserved 1048576K
}
Event: 3.207 GC heap before
{Heap before GC invocations=4 (full 0):
 garbage-first heap   total 131072K, used 41813K [0x0000000780000000, 0x0000000800000000)
  region size 1024K, 37 young (37888K), 3 survivors (3072K)
 Metaspace       used 28062K, capacity 29105K, committed 29440K, reserved 1075200K
  class space    used 3603K, capacity 4083K, committed 4096K, reserved 1048576K
}
Event: 3.215 GC heap after
{Heap after GC invocations=5 (full 0):
 garbage-first heap   total 131072K, used 11217K [0x0000000780000000, 0x0000000800000000)
  region size 1024K, 5 young (5120K), 5 survivors (5120K)
 Metaspace       used 28062K, capacity 29105K, committed 29440K, reserved 1075200K
  class space    used 3603K, capacity 4083K, committed 4096K, reserved 1048576K
}

