# JRE version: OpenJDK Runtime Environment Zulu11.58+23-CA (11.0.16.1+1) (build 11.0.16.1+1-LTS)
# Java VM: OpenJDK 64-Bit Server VM Zulu11.58+23-CA (11.0.16.1+1-LTS, mixed mode, tiered, compressed oops, g1 gc, bsd-aarch64)
Heap:
 garbage-first heap   total 131072K, used 22393K [0x0000000740000000, 0x00000007c0000000)
  region size 1024K, 14 young (14336K), 8 survivors (8192K)
 Metaspace       used 35001K, capacity 36311K, committed 36528K, reserved 1081344K
  class space    used 4430K, capacity 5070K, committed 5120K, reserved 1048576K
GC Heap History (8 events):
Event: 0.512 GC heap before
{Heap before GC invocations=0 (full 0):
 garbage-first heap   total 131072K, used 23552K [0x0000000740000000, 0x00000007c0000000)
  region size 1024K, 24 young (24576K), 0 survivors (0K)
 Metaspace       used 14928K, capacity 15204K, committed 15488K, reserved 1062912K
  class space    used 1488K, capacity 1629K, committed 1664K, reserved 1048576K
}
Event: 0.516 GC heap after
{Heap after GC invocations=1 (full 0):
 garbage-first heap   total 131072K, used 5761K [0x0000000740000000, 0x00000007c0000000)
  region size 1024K, 3 young (3072K), 3 survivors (3072K)
 Metaspace       used 14928K, capacity 15204K, committed 15488K, reserved 1062912K
  class space    used 1488K, capacity 1629K, committed 1664K, reserved 1048576K
}
Event: 0.698 GC heap before
{Heap before GC invocations=1 (full 0):
 garbage-first heap   total 131072K, used 18049K [0x0000000740000000, 0x00000007c0000000)
  region size 1024K, 15 young (15360K), 3 survivors (3072K)
 Metaspace       used 18549K, capacity 18929K, committed 19200K, reserved 1067008K
  class space    used 1832K, capacity 2040K, committed 2048K, reserved 1048576K
}
Event: 0.701 GC heap after
{Heap after GC invocations=2 (full 0):
 garbage-first heap   total 131072K, used 6752K [0x0000000740000000, 0x00000007c0000000)
  region size 1024K, 2 young (2048K), 2 survivors (2048K)
 Metaspace       used 18549K, capacity 18929K, committed 19200K, reserved 1067008K
  class space    used 1832K, capacity 2040K, committed 2048K, reserved 1048576K
}
Event: 0.913 GC heap before
{Heap before GC invocations=2 (full 0):
 garbage-first heap   total 131072K, used 15968K [0x0000000740000000, 0x00000007c0000000)
  region size 1024K, 13 young (13312K), 2 survivors (2048K)
 Metaspace       used 20547K, capacity 21026K, committed 21248K, reserved 1069056K
  class space    used 2101K, capacity 2297K, committed 2304K, reserved 1048576K
}
Event: 0.914 GC heap after
{Heap after GC invocations=3 (full 0):
 garbage-first heap   total 131072K, used 8209K [0x0000000740000000, 0x00000007c0000000)
  region size 1024K, 3 young (3072K), 3 survivors (3072K)
 Metaspace       used 20547K, capacity 21026K, committed 21248K, reserved 1069056K
  class space    used 2101K, capacity 2297K, committed 2304K, reserved 1048576K
}
Event: 2.449 GC heap before
{Heap before GC invocations=4 (full 0):
 garbage-first heap   total 131072K, used 43025K [0x0000000740000000, 0x00000007c0000000)
  region size 1024K, 36 young (36864K), 3 survivors (3072K)
 Metaspace       used 34233K, capacity 35509K, committed 35632K, reserved 1079296K
  class space    used 4324K, capacity 4933K, committed 4992K, reserved 1048576K
}
Event: 2.460 GC heap after
{Heap after GC invocations=5 (full 0):
 garbage-first heap   total 131072K, used 17273K [0x0000000740000000, 0x00000007c0000000)
  region size 1024K, 8 young (8192K), 8 survivors (8192K)
 Metaspace       used 34233K, capacity 35509K, committed 35632K, reserved 1079296K
  class space    used 4324K, capacity 4933K, committed 4992K, reserved 1048576K
}

