# JRE version: OpenJDK Runtime Environment Temurin-11.0.16+8 (11.0.16+8) (build 11.0.16+8)
# Java VM: OpenJDK 64-Bit Server VM Temurin-11.0.16+8 (11.0.16+8, mixed mode, tiered, compressed oops, g1 gc, bsd-amd64)
Heap:
 garbage-first heap   total 157696K, used 26013K [0x0000000780000000, 0x0000000800000000)
  region size 1024K, 13 young (13312K), 7 survivors (7168K)
 Metaspace       used 33703K, capacity 35155K, committed 35200K, reserved 1079296K
  class space    used 4119K, capacity 4733K, committed 4736K, reserved 1048576K
GC Heap History (10 events):
Event: 0.671 GC heap before
{Heap before GC invocations=0 (full 0):
 garbage-first heap   total 131072K, used 13312K [0x0000000780000000, 0x0000000800000000)
  region size 1024K, 14 young (14336K), 0 survivors (0K)
 Metaspace       used 9473K, capacity 9743K, committed 9984K, reserved 1058816K
  class space    used 902K, capacity 997K, committed 1024K, reserved 1048576K
}
Event: 0.679 GC heap after
{Heap after GC invocations=1 (full 0):
 garbage-first heap   total 131072K, used 3589K [0x0000000780000000, 0x0000000800000000)
  region size 1024K, 2 young (2048K), 2 survivors (2048K)
 Metaspace       used 9473K, capacity 9743K, committed 9984K, reserved 1058816K
  class space    used 902K, capacity 997K, committed 1024K, reserved 1048576K
}
Event: 1.013 GC heap before
{Heap before GC invocations=1 (full 0):
 garbage-first heap   total 131072K, used 12805K [0x0000000780000000, 0x0000000800000000)
  region size 1024K, 11 young (11264K), 2 survivors (2048K)
 Metaspace       used 13721K, capacity 14108K, committed 14592K, reserved 1062912K
  class space    used 1304K, capacity 1450K, committed 1536K, reserved 1048576K
}
Event: 1.021 GC heap after
{Heap after GC invocations=2 (full 0):
 garbage-first heap   total 131072K, used 5255K [0x0000000780000000, 0x0000000800000000)
  region size 1024K, 2 young (2048K), 2 survivors (2048K)
 Metaspace       used 13721K, capacity 14108K, committed 14592K, reserved 1062912K
  class space    used 1304K, capacity 1450K, committed 1536K, reserved 1048576K
}
Event: 1.506 GC heap before
{Heap before GC invocations=2 (full 0):
 garbage-first heap   total 131072K, used 25735K [0x0000000780000000, 0x0000000800000000)
  region size 1024K, 24 young (24576K), 2 survivors (2048K)
 Metaspace       used 20515K, capacity 21090K, committed 21296K, reserved 1069056K
  class space    used 2192K, capacity 2427K, committed 2432K, reserved 1048576K
}
Event: 1.514 GC heap after
{Heap after GC invocations=3 (full 0):
 garbage-first heap   total 131072K, used 7360K [0x0000000780000000, 0x0000000800000000)
  region size 1024K, 4 young (4096K), 4 survivors (4096K)
 Metaspace       used 20515K, capacity 21090K, committed 21296K, reserved 1069056K
  class space    used 2192K, capacity 2427K, committed 2432K, reserved 1048576K
}
Event: 2.732 GC heap before
{Heap before GC invocations=4 (full 0):
 garbage-first heap   total 131072K, used 45248K [0x0000000780000000, 0x0000000800000000)
  region size 1024K, 39 young (39936K), 4 survivors (4096K)
 Metaspace       used 29093K, capacity 30188K, committed 30336K, reserved 1075200K
  class space    used 3695K, capacity 4173K, committed 4224K, reserved 1048576K
}
Event: 2.745 GC heap after
{Heap after GC invocations=5 (full 0):
 garbage-first heap   total 131072K, used 13628K [0x0000000780000000, 0x0000000800000000)
  region size 1024K, 5 young (5120K), 5 survivors (5120K)
 Metaspace       used 29093K, capacity 30188K, committed 30336K, reserved 1075200K
  class space    used 3695K, capacity 4173K, committed 4224K, reserved 1048576K
}
Event: 22.026 GC heap before
{Heap before GC invocations=5 (full 0):
 garbage-first heap   total 131072K, used 67900K [0x0000000780000000, 0x0000000800000000)
  region size 1024K, 56 young (57344K), 5 survivors (5120K)
 Metaspace       used 33426K, capacity 34876K, committed 34944K, reserved 1079296K
  class space    used 4118K, capacity 4732K, committed 4736K, reserved 1048576K
}
Event: 22.038 GC heap after
{Heap after GC invocations=6 (full 0):
 garbage-first heap   total 157696K, used 20893K [0x0000000780000000, 0x0000000800000000)
  region size 1024K, 7 young (7168K), 7 survivors (7168K)
 Metaspace       used 33426K, capacity 34876K, committed 34944K, reserved 1079296K
  class space    used 4118K, capacity 4732K, committed 4736K, reserved 1048576K
}

