# JRE version: OpenJDK Runtime Environment Zulu11.58+23-CA (11.0.16.1+1) (build 11.0.16.1+1-LTS)
# Java VM: OpenJDK 64-Bit Server VM Zulu11.58+23-CA (11.0.16.1+1-LTS, mixed mode, tiered, compressed oops, g1 gc, bsd-aarch64)
Heap:
 garbage-first heap   total 131072K, used 23109K [0x0000000740000000, 0x00000007c0000000)
  region size 1024K, 15 young (15360K), 8 survivors (8192K)
 Metaspace       used 34895K, capacity 36301K, committed 36528K, reserved 1081344K
  class space    used 4430K, capacity 5070K, committed 5120K, reserved 1048576K
GC Heap History (8 events):
Event: 0.550 GC heap before
{Heap before GC invocations=0 (full 0):
 garbage-first heap   total 131072K, used 23552K [0x0000000740000000, 0x00000007c0000000)
  region size 1024K, 24 young (24576K), 0 survivors (0K)
 Metaspace       used 14937K, capacity 15268K, committed 15488K, reserved 1062912K
  class space    used 1484K, capacity 1629K, committed 1664K, reserved 1048576K
}
Event: 0.556 GC heap after
{Heap after GC invocations=1 (full 0):
 garbage-first heap   total 131072K, used 5505K [0x0000000740000000, 0x00000007c0000000)
  region size 1024K, 3 young (3072K), 3 survivors (3072K)
 Metaspace       used 14937K, capacity 15268K, committed 15488K, reserved 1062912K
  class space    used 1484K, capacity 1629K, committed 1664K, reserved 1048576K
}
Event: 0.833 GC heap before
{Heap before GC invocations=1 (full 0):
 garbage-first heap   total 131072K, used 20865K [0x0000000740000000, 0x00000007c0000000)
  region size 1024K, 18 young (18432K), 3 survivors (3072K)
 Metaspace       used 18853K, capacity 19281K, committed 19584K, reserved 1067008K
  class space    used 1864K, capacity 2072K, committed 2176K, reserved 1048576K
}
Event: 0.835 GC heap after
{Heap after GC invocations=2 (full 0):
 garbage-first heap   total 131072K, used 7918K [0x0000000740000000, 0x00000007c0000000)
  region size 1024K, 3 young (3072K), 3 survivors (3072K)
 Metaspace       used 18853K, capacity 19281K, committed 19584K, reserved 1067008K
  class space    used 1864K, capacity 2072K, committed 2176K, reserved 1048576K
}
Event: 1.015 GC heap before
{Heap before GC invocations=2 (full 0):
 garbage-first heap   total 131072K, used 15086K [0x0000000740000000, 0x00000007c0000000)
  region size 1024K, 11 young (11264K), 3 survivors (3072K)
 Metaspace       used 20532K, capacity 21026K, committed 21248K, reserved 1069056K
  class space    used 2098K, capacity 2297K, committed 2304K, reserved 1048576K
}
Event: 1.017 GC heap after
{Heap after GC invocations=3 (full 0):
 garbage-first heap   total 131072K, used 7961K [0x0000000740000000, 0x00000007c0000000)
  region size 1024K, 3 young (3072K), 3 survivors (3072K)
 Metaspace       used 20532K, capacity 21026K, committed 21248K, reserved 1069056K
  class space    used 2098K, capacity 2297K, committed 2304K, reserved 1048576K
}
Event: 2.174 GC heap before
{Heap before GC invocations=4 (full 0):
 garbage-first heap   total 131072K, used 42777K [0x0000000740000000, 0x00000007c0000000)
  region size 1024K, 36 young (36864K), 3 survivors (3072K)
 Metaspace       used 34199K, capacity 35497K, committed 35632K, reserved 1079296K
  class space    used 4336K, capacity 4933K, committed 4992K, reserved 1048576K
}
Event: 2.180 GC heap after
{Heap after GC invocations=5 (full 0):
 garbage-first heap   total 131072K, used 16965K [0x0000000740000000, 0x00000007c0000000)
  region size 1024K, 8 young (8192K), 8 survivors (8192K)
 Metaspace       used 34199K, capacity 35497K, committed 35632K, reserved 1079296K
  class space    used 4336K, capacity 4933K, committed 4992K, reserved 1048576K
}

