# JRE version: OpenJDK Runtime Environment Zulu11.50+19-CA (11.0.12+7) (build 11.0.12+7-LTS)
# Java VM: OpenJDK 64-Bit Server VM Zulu11.50+19-CA (11.0.12+7-LTS, mixed mode, tiered, compressed oops, g1 gc, bsd-aarch64)
Heap:
 garbage-first heap   total 262144K, used 79682K [0x00000006c0000000, 0x00000007c0000000)
  region size 1024K, 29 young (29696K), 1 survivors (1024K)
 Metaspace       used 34580K, capacity 35994K, committed 36272K, reserved 1081344K
  class space    used 4379K, capacity 5002K, committed 5120K, reserved 1048576K
GC Heap History (14 events):
Event: 0.612 GC heap before
{Heap before GC invocations=0 (full 0):
 garbage-first heap   total 262144K, used 23552K [0x00000006c0000000, 0x00000007c0000000)
  region size 1024K, 24 young (24576K), 0 survivors (0K)
 Metaspace       used 15114K, capacity 15417K, committed 15616K, reserved 1062912K
  class space    used 1536K, capacity 1701K, committed 1792K, reserved 1048576K
}
Event: 0.616 GC heap after
{Heap after GC invocations=1 (full 0):
 garbage-first heap   total 262144K, used 5686K [0x00000006c0000000, 0x00000007c0000000)
  region size 1024K, 3 young (3072K), 3 survivors (3072K)
 Metaspace       used 15114K, capacity 15417K, committed 15616K, reserved 1062912K
  class space    used 1536K, capacity 1701K, committed 1792K, reserved 1048576K
}
Event: 0.861 GC heap before
{Heap before GC invocations=1 (full 0):
 garbage-first heap   total 262144K, used 20022K [0x00000006c0000000, 0x00000007c0000000)
  region size 1024K, 14 young (14336K), 3 survivors (3072K)
 Metaspace       used 20566K, capacity 21101K, committed 21296K, reserved 1069056K
  class space    used 2314K, capacity 2590K, committed 2688K, reserved 1048576K
}
Event: 0.864 GC heap after
{Heap after GC invocations=2 (full 0):
 garbage-first heap   total 262144K, used 10706K [0x00000006c0000000, 0x00000007c0000000)
  region size 1024K, 2 young (2048K), 2 survivors (2048K)
 Metaspace       used 20566K, capacity 21101K, committed 21296K, reserved 1069056K
  class space    used 2314K, capacity 2590K, committed 2688K, reserved 1048576K
}
Event: 61.460 GC heap before
{Heap before GC invocations=3 (full 0):
 garbage-first heap   total 262144K, used 83410K [0x00000006c0000000, 0x00000007c0000000)
  region size 1024K, 56 young (57344K), 2 survivors (2048K)
 Metaspace       used 33163K, capacity 34499K, committed 34864K, reserved 1079296K
  class space    used 4280K, capacity 4876K, committed 4992K, reserved 1048576K
}
Event: 61.475 GC heap after
{Heap after GC invocations=4 (full 0):
 garbage-first heap   total 262144K, used 32249K [0x00000006c0000000, 0x00000007c0000000)
  region size 1024K, 7 young (7168K), 7 survivors (7168K)
 Metaspace       used 33163K, capacity 34499K, committed 34864K, reserved 1079296K
  class space    used 4280K, capacity 4876K, committed 4992K, reserved 1048576K
}
Event: 62.102 GC heap before
{Heap before GC invocations=4 (full 0):
 garbage-first heap   total 262144K, used 53753K [0x00000006c0000000, 0x00000007c0000000)
  region size 1024K, 28 young (28672K), 7 survivors (7168K)
 Metaspace       used 33243K, capacity 34567K, committed 34864K, reserved 1079296K
  class space    used 4280K, capacity 4876K, committed 4992K, reserved 1048576K
}
Event: 62.110 GC heap after
{Heap after GC invocations=5 (full 0):
 garbage-first heap   total 262144K, used 33730K [0x00000006c0000000, 0x00000007c0000000)
  region size 1024K, 1 young (1024K), 1 survivors (1024K)
 Metaspace       used 33243K, capacity 34567K, committed 34864K, reserved 1079296K
  class space    used 4280K, capacity 4876K, committed 4992K, reserved 1048576K
}
Event: 68.327 GC heap before
{Heap before GC invocations=5 (full 0):
 garbage-first heap   total 262144K, used 96194K [0x00000006c0000000, 0x00000007c0000000)
  region size 1024K, 62 young (63488K), 1 survivors (1024K)
 Metaspace       used 33450K, capacity 34760K, committed 35120K, reserved 1079296K
  class space    used 4280K, capacity 4876K, committed 4992K, reserved 1048576K
}
Event: 68.327 GC heap after
{Heap after GC invocations=6 (full 0):
 garbage-first heap   total 262144K, used 32966K [0x00000006c0000000, 0x00000007c0000000)
  region size 1024K, 1 young (1024K), 1 survivors (1024K)
 Metaspace       used 33450K, capacity 34760K, committed 35120K, reserved 1079296K
  class space    used 4280K, capacity 4876K, committed 4992K, reserved 1048576K
}
Event: 379.121 GC heap before
{Heap before GC invocations=6 (full 0):
 garbage-first heap   total 262144K, used 184518K [0x00000006c0000000, 0x00000007c0000000)
  region size 1024K, 149 young (152576K), 1 survivors (1024K)
 Metaspace       used 34146K, capacity 35523K, committed 35632K, reserved 1079296K
  class space    used 4306K, capacity 4930K, committed 4992K, reserved 1048576K
}
Event: 379.125 GC heap after
{Heap after GC invocations=7 (full 0):
 garbage-first heap   total 262144K, used 33397K [0x00000006c0000000, 0x00000007c0000000)
  region size 1024K, 1 young (1024K), 1 survivors (1024K)
 Metaspace       used 34146K, capacity 35523K, committed 35632K, reserved 1079296K
  class space    used 4306K, capacity 4930K, committed 4992K, reserved 1048576K
}
Event: 450.633 GC heap before
{Heap before GC invocations=7 (full 0):
 garbage-first heap   total 262144K, used 48757K [0x00000006c0000000, 0x00000007c0000000)
  region size 1024K, 17 young (17408K), 1 survivors (1024K)
 Metaspace       used 34424K, capacity 35814K, committed 35888K, reserved 1081344K
  class space    used 4358K, capacity 4985K, committed 4992K, reserved 1048576K
}
Event: 450.636 GC heap after
{Heap after GC invocations=8 (full 0):
 garbage-first heap   total 262144K, used 33602K [0x00000006c0000000, 0x00000007c0000000)
  region size 1024K, 1 young (1024K), 1 survivors (1024K)
 Metaspace       used 34424K, capacity 35814K, committed 35888K, reserved 1081344K
  class space    used 4358K, capacity 4985K, committed 4992K, reserved 1048576K
}

