# JRE version: Java(TM) SE Runtime Environment 18.9 (11.0.13+10) (build 11.0.13+10-LTS-370)
# Java VM: Java HotSpot(TM) 64-Bit Server VM 18.9 (11.0.13+10-LTS-370, mixed mode, tiered, compressed oops, g1 gc, bsd-amd64)
Heap:
 garbage-first heap   total 157696K, used 20444K [0x0000000780000000, 0x0000000800000000)
  region size 1024K, 7 young (7168K), 2 survivors (2048K)
 Metaspace       used 32949K, capacity 34458K, committed 34688K, reserved 1079296K
  class space    used 4308K, capacity 4983K, committed 4992K, reserved 1048576K
GC Heap History (10 events):
Event: 1.424 GC heap before
{Heap before GC invocations=1 (full 0):
 garbage-first heap   total 131072K, used 14217K [0x0000000780000000, 0x0000000800000000)
  region size 1024K, 12 young (12288K), 2 survivors (2048K)
 Metaspace       used 13888K, capacity 14250K, committed 14592K, reserved 1062912K
  class space    used 1359K, capacity 1514K, committed 1536K, reserved 1048576K
}
Event: 1.432 GC heap after
{Heap after GC invocations=2 (full 0):
 garbage-first heap   total 131072K, used 5630K [0x0000000780000000, 0x0000000800000000)
  region size 1024K, 2 young (2048K), 2 survivors (2048K)
 Metaspace       used 13888K, capacity 14250K, committed 14592K, reserved 1062912K
  class space    used 1359K, capacity 1514K, committed 1536K, reserved 1048576K
}
Event: 2.093 GC heap before
{Heap before GC invocations=2 (full 0):
 garbage-first heap   total 131072K, used 26110K [0x0000000780000000, 0x0000000800000000)
  region size 1024K, 23 young (23552K), 2 survivors (2048K)
 Metaspace       used 20569K, capacity 21054K, committed 21248K, reserved 1069056K
  class space    used 2247K, capacity 2480K, committed 2560K, reserved 1048576K
}
Event: 2.106 GC heap after
{Heap after GC invocations=3 (full 0):
 garbage-first heap   total 131072K, used 7055K [0x0000000780000000, 0x0000000800000000)
  region size 1024K, 3 young (3072K), 3 survivors (3072K)
 Metaspace       used 20569K, capacity 21054K, committed 21248K, reserved 1069056K
  class space    used 2247K, capacity 2480K, committed 2560K, reserved 1048576K
}
Event: 3.313 GC heap before
{Heap before GC invocations=4 (full 0):
 garbage-first heap   total 131072K, used 41871K [0x0000000780000000, 0x0000000800000000)
  region size 1024K, 37 young (37888K), 3 survivors (3072K)
 Metaspace       used 27813K, capacity 28879K, committed 29184K, reserved 1075200K
  class space    used 3567K, capacity 4049K, committed 4096K, reserved 1048576K
}
Event: 3.325 GC heap after
{Heap after GC invocations=5 (full 0):
 garbage-first heap   total 131072K, used 11430K [0x0000000780000000, 0x0000000800000000)
  region size 1024K, 5 young (5120K), 5 survivors (5120K)
 Metaspace       used 27813K, capacity 28879K, committed 29184K, reserved 1075200K
  class space    used 3567K, capacity 4049K, committed 4096K, reserved 1048576K
}
Event: 8.399 GC heap before
{Heap before GC invocations=5 (full 0):
 garbage-first heap   total 131072K, used 61606K [0x0000000780000000, 0x0000000800000000)
  region size 1024K, 51 young (52224K), 5 survivors (5120K)
 Metaspace       used 32618K, capacity 34134K, committed 34176K, reserved 1079296K
  class space    used 4308K, capacity 4982K, committed 4992K, reserved 1048576K
}
Event: 8.410 GC heap after
{Heap after GC invocations=6 (full 0):
 garbage-first heap   total 157696K, used 16453K [0x0000000780000000, 0x0000000800000000)
  region size 1024K, 2 young (2048K), 2 survivors (2048K)
 Metaspace       used 32618K, capacity 34134K, committed 34176K, reserved 1079296K
  class space    used 4308K, capacity 4982K, committed 4992K, reserved 1048576K
}
Event: 12.811 GC heap before
{Heap before GC invocations=6 (full 0):
 garbage-first heap   total 157696K, used 79941K [0x0000000780000000, 0x0000000800000000)
  region size 1024K, 64 young (65536K), 2 survivors (2048K)
 Metaspace       used 32944K, capacity 34458K, committed 34688K, reserved 1079296K
  class space    used 4308K, capacity 4983K, committed 4992K, reserved 1048576K
}
Event: 12.816 GC heap after
{Heap after GC invocations=7 (full 0):
 garbage-first heap   total 157696K, used 16348K [0x0000000780000000, 0x0000000800000000)
  region size 1024K, 2 young (2048K), 2 survivors (2048K)
 Metaspace       used 32944K, capacity 34458K, committed 34688K, reserved 1079296K
  class space    used 4308K, capacity 4983K, committed 4992K, reserved 1048576K
}

